<?xml version="1.0" encoding="UTF-8" ?>
<testsuite failures="0" time="32.35" errors="0" skipped="0" tests="6" name="de.uzk.hki.da.at.ATPIPGen">
  <properties>
    <property name="java.runtime.name" value="OpenJDK Runtime Environment"/>
    <property name="sun.boot.library.path" value="/usr/lib/jvm/java-6-openjdk/jre/lib/i386"/>
    <property name="java.vm.version" value="20.0-b12"/>
    <property name="java.vm.vendor" value="Sun Microsystems Inc."/>
    <property name="java.vendor.url" value="http://java.sun.com/"/>
    <property name="path.separator" value=":"/>
    <property name="java.vm.name" value="OpenJDK Server VM"/>
    <property name="file.encoding.pkg" value="sun.io"/>
    <property name="user.country" value="DE"/>
    <property name="sun.java.launcher" value="SUN_STANDARD"/>
    <property name="sun.os.patch.level" value="unknown"/>
    <property name="java.vm.specification.name" value="Java Virtual Machine Specification"/>
    <property name="user.dir" value="/home/daniel/Arbeitsplatz/DA_NRW/ContentBrokerTrunk"/>
    <property name="java.runtime.version" value="1.6.0_27-b27"/>
    <property name="java.awt.graphicsenv" value="sun.awt.X11GraphicsEnvironment"/>
    <property name="basedir" value="/home/daniel/Arbeitsplatz/DA_NRW/ContentBrokerTrunk"/>
    <property name="java.endorsed.dirs" value="/usr/lib/jvm/java-6-openjdk/jre/lib/endorsed"/>
    <property name="os.arch" value="i386"/>
    <property name="surefire.real.class.path" value="/tmp/surefirebooter9019347450388107668.jar"/>
    <property name="java.io.tmpdir" value="/tmp"/>
    <property name="line.separator" value="
"/>
    <property name="java.vm.specification.vendor" value="Sun Microsystems Inc."/>
    <property name="os.name" value="Linux"/>
    <property name="sun.jnu.encoding" value="UTF-8"/>
    <property name="java.library.path" value="/usr/lib/jvm/java-6-openjdk/jre/lib/i386/server:/usr/lib/jvm/java-6-openjdk/jre/lib/i386:/usr/lib/jvm/java-6-openjdk/jre/../lib/i386:/usr/java/packages/lib/i386:/usr/lib/jni:/lib:/usr/lib"/>
    <property name="surefire.test.class.path" value="/home/daniel/Arbeitsplatz/DA_NRW/ContentBrokerTrunk/target/test-classes:/home/daniel/Arbeitsplatz/DA_NRW/ContentBrokerTrunk/target/classes:/home/daniel/.m2/repository/org/xeustechnologies/jtar/1.0.3/jtar-1.0.3.jar:/home/daniel/.m2/repository/org/hsqldb/hsqldb/2.3.1/hsqldb-2.3.1.jar:/home/daniel/.m2/repository/org/jdom/jdom/1.1/jdom-1.1.jar:/home/daniel/.m2/repository/commons-collections/commons-collections/3.2.1/commons-collections-3.2.1.jar:/home/daniel/.m2/repository/javax/mail/mail/1.4/mail-1.4.jar:/home/daniel/.m2/repository/javax/activation/activation/1.1/activation-1.1.jar:/home/daniel/.m2/repository/org/apache/tika/tika-core/1.0/tika-core-1.0.jar:/home/daniel/.m2/repository/de/uzk/hki/fedorest/0.0.3-SNAPSHOT/fedorest-0.0.3-SNAPSHOT.jar:/home/daniel/.m2/repository/com/sun/jersey/jersey-client/1.11/jersey-client-1.11.jar:/home/daniel/.m2/repository/com/sun/jersey/jersey-core/1.11/jersey-core-1.11.jar:/home/daniel/.m2/repository/org/slf4j/slf4j-api/1.6.4/slf4j-api-1.6.4.jar:/home/daniel/.m2/repository/ch/qos/logback/logback-classic/1.0.3/logback-classic-1.0.3.jar:/home/daniel/.m2/repository/ch/qos/logback/logback-core/1.0.3/logback-core-1.0.3.jar:/home/daniel/.m2/repository/org/apache/commons/commons-compress/1.4/commons-compress-1.4.jar:/home/daniel/.m2/repository/org/tukaani/xz/1.0/xz-1.0.jar:/home/daniel/.m2/repository/junit/junit/4.9/junit-4.9.jar:/home/daniel/.m2/repository/org/hamcrest/hamcrest-core/1.1/hamcrest-core-1.1.jar:/home/daniel/.m2/repository/commons-lang/commons-lang/2.3/commons-lang-2.3.jar:/home/daniel/.m2/repository/gov/loc/bagit/4.4/bagit-4.4.jar:/home/daniel/.m2/repository/commons-logging/commons-logging-api/1.1/commons-logging-api-1.1.jar:/home/daniel/.m2/repository/commons-logging/commons-logging/1.1.1/commons-logging-1.1.1.jar:/home/daniel/.m2/repository/commons-io/commons-io/2.3/commons-io-2.3.jar:/home/daniel/.m2/repository/commons-codec/commons-codec/1.3/commons-codec-1.3.jar:/home/daniel/.m2/repository/org/apache/httpcomponents/httpclient/4.2.5/httpclient-4.2.5.jar:/home/daniel/.m2/repository/org/apache/httpcomponents/httpcore/4.2.4/httpcore-4.2.4.jar:/home/daniel/.m2/repository/org/apache/httpcomponents/httpmime/4.1.2/httpmime-4.1.2.jar:/home/daniel/.m2/repository/com/martiansoftware/jsap/2.1/jsap-2.1.jar:/home/daniel/.m2/repository/dom4j/dom4j/1.6.1/dom4j-1.6.1.jar:/home/daniel/.m2/repository/xml-apis/xml-apis/1.3.03/xml-apis-1.3.03.jar:/home/daniel/.m2/repository/jaxen/jaxen/1.1.1/jaxen-1.1.1.jar:/home/daniel/.m2/repository/jdom/jdom/1.0/jdom-1.0.jar:/home/daniel/.m2/repository/xerces/xercesImpl/2.8.0/xercesImpl-2.8.0.jar:/home/daniel/.m2/repository/classworlds/classworlds/1.1/classworlds-1.1.jar:/home/daniel/.m2/repository/log4j/log4j/1.2.14/log4j-1.2.14.jar:/home/daniel/.m2/repository/commons-net/commons-net/2.0/commons-net-2.0.jar:/home/daniel/.m2/repository/org/apache/commons/commons-exec/1.0/commons-exec-1.0.jar:/home/daniel/.m2/repository/org/hibernate/hibernate-annotations/3.5.4-Final/hibernate-annotations-3.5.4-Final.jar:/home/daniel/.m2/repository/org/hibernate/hibernate-core/3.5.4-Final/hibernate-core-3.5.4-Final.jar:/home/daniel/.m2/repository/antlr/antlr/2.7.6/antlr-2.7.6.jar:/home/daniel/.m2/repository/javax/transaction/jta/1.1/jta-1.1.jar:/home/daniel/.m2/repository/org/hibernate/hibernate-commons-annotations/3.2.0.Final/hibernate-commons-annotations-3.2.0.Final.jar:/home/daniel/.m2/repository/org/hibernate/javax/persistence/hibernate-jpa-2.0-api/1.0.0.Final/hibernate-jpa-2.0-api-1.0.0.Final.jar:/home/daniel/.m2/repository/javax/validation/validation-api/1.0.0.GA/validation-api-1.0.0.GA.jar:/home/daniel/.m2/repository/org/hibernate/hibernate-validator/4.1.0.Final/hibernate-validator-4.1.0.Final.jar:/home/daniel/.m2/repository/org/hibernate/hibernate-entitymanager/4.0.0.Final/hibernate-entitymanager-4.0.0.Final.jar:/home/daniel/.m2/repository/org/jboss/spec/javax/transaction/jboss-transaction-api_1.1_spec/1.0.0.Final/jboss-transaction-api_1.1_spec-1.0.0.Final.jar:/home/daniel/.m2/repository/org/jboss/logging/jboss-logging/3.1.0.CR2/jboss-logging-3.1.0.CR2.jar:/home/daniel/.m2/repository/org/hibernate/common/hibernate-commons-annotations/4.0.1.Final/hibernate-commons-annotations-4.0.1.Final.jar:/home/daniel/.m2/repository/javassist/javassist/3.12.1.GA/javassist-3.12.1.GA.jar:/home/daniel/.m2/repository/org/hibernate/hibernate-c3p0/4.0.0.Final/hibernate-c3p0-4.0.0.Final.jar:/home/daniel/.m2/repository/c3p0/c3p0/0.9.1/c3p0-0.9.1.jar:/home/daniel/.m2/repository/postgresql/postgresql/9.1-901.jdbc4/postgresql-9.1-901.jdbc4.jar:/home/daniel/.m2/repository/org/springframework/spring-context/4.0.0.RELEASE/spring-context-4.0.0.RELEASE.jar:/home/daniel/.m2/repository/org/springframework/spring-aop/4.0.0.RELEASE/spring-aop-4.0.0.RELEASE.jar:/home/daniel/.m2/repository/aopalliance/aopalliance/1.0/aopalliance-1.0.jar:/home/daniel/.m2/repository/org/springframework/spring-beans/4.0.0.RELEASE/spring-beans-4.0.0.RELEASE.jar:/home/daniel/.m2/repository/org/springframework/spring-core/4.0.0.RELEASE/spring-core-4.0.0.RELEASE.jar:/home/daniel/.m2/repository/org/springframework/spring-expression/4.0.0.RELEASE/spring-expression-4.0.0.RELEASE.jar:/home/daniel/.m2/repository/org/mockito/mockito-all/1.9.0/mockito-all-1.9.0.jar:/home/daniel/.m2/repository/org/irods/jargon/jargon-core/3.3.2-SNAPSHOT/jargon-core-3.3.2-SNAPSHOT.jar:/home/daniel/.m2/repository/com/claymoresystems/puretls/1.1/puretls-1.1.jar:/home/daniel/.m2/repository/org/globus/jglobus/cog-jglobus/1.8.0/cog-jglobus-1.8.0.jar:/home/daniel/.m2/repository/xom/xom/1.2.5/xom-1.2.5.jar:/home/daniel/.m2/repository/xalan/xalan/2.7.0/xalan-2.7.0.jar:/home/daniel/.m2/repository/org/codehaus/groovy/groovy-all/1.8.0/groovy-all-1.8.0.jar:/home/daniel/.m2/repository/edu/harvard/hul/ois/jhove/1.9b3/jhove-1.9b3.jar:/home/daniel/.m2/repository/edu/harvard/hul/ois/jhove.module/1.9b3/jhove.module-1.9b3.jar:/home/daniel/.m2/repository/edu/harvard/hul/ois/jhove.handler/1.9b3/jhove.handler-1.9b3.jar:/home/daniel/.m2/repository/net/sf/saxon/Saxon-HE/9.5.1-1/Saxon-HE-9.5.1-1.jar:/home/daniel/.m2/repository/org/apache/jena/jena-core/2.10.1/jena-core-2.10.1.jar:/home/daniel/.m2/repository/org/apache/jena/jena-iri/0.9.6/jena-iri-0.9.6.jar:/home/daniel/.m2/repository/org/elasticsearch/elasticsearch/0.90.3/elasticsearch-0.90.3.jar:/home/daniel/.m2/repository/org/apache/lucene/lucene-core/4.4.0/lucene-core-4.4.0.jar:/home/daniel/.m2/repository/org/apache/lucene/lucene-analyzers-common/4.4.0/lucene-analyzers-common-4.4.0.jar:/home/daniel/.m2/repository/org/apache/lucene/lucene-codecs/4.4.0/lucene-codecs-4.4.0.jar:/home/daniel/.m2/repository/org/apache/lucene/lucene-queries/4.4.0/lucene-queries-4.4.0.jar:/home/daniel/.m2/repository/org/apache/lucene/lucene-memory/4.4.0/lucene-memory-4.4.0.jar:/home/daniel/.m2/repository/org/apache/lucene/lucene-highlighter/4.4.0/lucene-highlighter-4.4.0.jar:/home/daniel/.m2/repository/org/apache/lucene/lucene-queryparser/4.4.0/lucene-queryparser-4.4.0.jar:/home/daniel/.m2/repository/org/apache/lucene/lucene-sandbox/4.4.0/lucene-sandbox-4.4.0.jar:/home/daniel/.m2/repository/org/apache/lucene/lucene-suggest/4.4.0/lucene-suggest-4.4.0.jar:/home/daniel/.m2/repository/org/apache/lucene/lucene-misc/4.4.0/lucene-misc-4.4.0.jar:/home/daniel/.m2/repository/org/apache/lucene/lucene-join/4.4.0/lucene-join-4.4.0.jar:/home/daniel/.m2/repository/org/apache/lucene/lucene-grouping/4.4.0/lucene-grouping-4.4.0.jar:/home/daniel/.m2/repository/org/apache/lucene/lucene-spatial/4.4.0/lucene-spatial-4.4.0.jar:/home/daniel/.m2/repository/com/spatial4j/spatial4j/0.3/spatial4j-0.3.jar:/home/daniel/.m2/repository/com/github/jsonld-java/jsonld-java/0.2/jsonld-java-0.2.jar:/home/daniel/.m2/repository/com/fasterxml/jackson/core/jackson-core/2.2.1/jackson-core-2.2.1.jar:/home/daniel/.m2/repository/com/fasterxml/jackson/core/jackson-databind/2.2.1/jackson-databind-2.2.1.jar:/home/daniel/.m2/repository/com/fasterxml/jackson/core/jackson-annotations/2.2.1/jackson-annotations-2.2.1.jar:/home/daniel/.m2/repository/org/apache/httpcomponents/httpclient-cache/4.2.5/httpclient-cache-4.2.5.jar:/home/daniel/.m2/repository/com/github/jsonld-java/jsonld-java-jena/0.2/jsonld-java-jena-0.2.jar:/home/daniel/.m2/repository/org/easytesting/fest-assert/1.4/fest-assert-1.4.jar:/home/daniel/.m2/repository/org/easytesting/fest-util/1.1.6/fest-util-1.1.6.jar:/home/daniel/.m2/repository/org/apache/pdfbox/pdfbox/1.8.2/pdfbox-1.8.2.jar:/home/daniel/.m2/repository/org/apache/pdfbox/fontbox/1.8.2/fontbox-1.8.2.jar:/home/daniel/.m2/repository/org/apache/pdfbox/jempbox/1.8.2/jempbox-1.8.2.jar:/home/daniel/.m2/repository/org/apache/activemq/activemq-core/5.7.0/activemq-core-5.7.0.jar:/home/daniel/.m2/repository/org/apache/geronimo/specs/geronimo-jms_1.1_spec/1.1.1/geronimo-jms_1.1_spec-1.1.1.jar:/home/daniel/.m2/repository/org/apache/activemq/kahadb/5.7.0/kahadb-5.7.0.jar:/home/daniel/.m2/repository/org/apache/activemq/protobuf/activemq-protobuf/1.1/activemq-protobuf-1.1.jar:/home/daniel/.m2/repository/org/fusesource/mqtt-client/mqtt-client/1.3/mqtt-client-1.3.jar:/home/daniel/.m2/repository/org/fusesource/hawtdispatch/hawtdispatch-transport/1.11/hawtdispatch-transport-1.11.jar:/home/daniel/.m2/repository/org/fusesource/hawtdispatch/hawtdispatch/1.11/hawtdispatch-1.11.jar:/home/daniel/.m2/repository/org/fusesource/hawtbuf/hawtbuf/1.9/hawtbuf-1.9.jar:/home/daniel/.m2/repository/org/apache/geronimo/specs/geronimo-j2ee-management_1.1_spec/1.0.1/geronimo-j2ee-management_1.1_spec-1.0.1.jar:/home/daniel/.m2/repository/org/jasypt/jasypt/1.9.0/jasypt-1.9.0.jar:/home/daniel/.m2/repository/org/apache/xbean/xbean-spring/3.16/xbean-spring-3.16.jar:/home/daniel/.m2/repository/org/apache/pdfbox/preflight/1.8.2/preflight-1.8.2.jar:/home/daniel/.m2/repository/org/apache/pdfbox/xmpbox/1.8.2/xmpbox-1.8.2.jar:"/>
    <property name="java.specification.name" value="Java Platform API Specification"/>
    <property name="java.class.version" value="50.0"/>
    <property name="sun.management.compiler" value="HotSpot Tiered Compilers"/>
    <property name="os.version" value="3.0.0-32-generic-pae"/>
    <property name="user.home" value="/home/daniel"/>
    <property name="user.timezone" value="Europe/Berlin"/>
    <property name="java.awt.printerjob" value="sun.print.PSPrinterJob"/>
    <property name="file.encoding" value="UTF-8"/>
    <property name="java.specification.version" value="1.6"/>
    <property name="user.name" value="daniel"/>
    <property name="java.class.path" value="/home/daniel/Arbeitsplatz/DA_NRW/ContentBrokerTrunk/target/test-classes:/home/daniel/Arbeitsplatz/DA_NRW/ContentBrokerTrunk/target/classes:/home/daniel/.m2/repository/org/xeustechnologies/jtar/1.0.3/jtar-1.0.3.jar:/home/daniel/.m2/repository/org/hsqldb/hsqldb/2.3.1/hsqldb-2.3.1.jar:/home/daniel/.m2/repository/org/jdom/jdom/1.1/jdom-1.1.jar:/home/daniel/.m2/repository/commons-collections/commons-collections/3.2.1/commons-collections-3.2.1.jar:/home/daniel/.m2/repository/javax/mail/mail/1.4/mail-1.4.jar:/home/daniel/.m2/repository/javax/activation/activation/1.1/activation-1.1.jar:/home/daniel/.m2/repository/org/apache/tika/tika-core/1.0/tika-core-1.0.jar:/home/daniel/.m2/repository/de/uzk/hki/fedorest/0.0.3-SNAPSHOT/fedorest-0.0.3-SNAPSHOT.jar:/home/daniel/.m2/repository/com/sun/jersey/jersey-client/1.11/jersey-client-1.11.jar:/home/daniel/.m2/repository/com/sun/jersey/jersey-core/1.11/jersey-core-1.11.jar:/home/daniel/.m2/repository/org/slf4j/slf4j-api/1.6.4/slf4j-api-1.6.4.jar:/home/daniel/.m2/repository/ch/qos/logback/logback-classic/1.0.3/logback-classic-1.0.3.jar:/home/daniel/.m2/repository/ch/qos/logback/logback-core/1.0.3/logback-core-1.0.3.jar:/home/daniel/.m2/repository/org/apache/commons/commons-compress/1.4/commons-compress-1.4.jar:/home/daniel/.m2/repository/org/tukaani/xz/1.0/xz-1.0.jar:/home/daniel/.m2/repository/junit/junit/4.9/junit-4.9.jar:/home/daniel/.m2/repository/org/hamcrest/hamcrest-core/1.1/hamcrest-core-1.1.jar:/home/daniel/.m2/repository/commons-lang/commons-lang/2.3/commons-lang-2.3.jar:/home/daniel/.m2/repository/gov/loc/bagit/4.4/bagit-4.4.jar:/home/daniel/.m2/repository/commons-logging/commons-logging-api/1.1/commons-logging-api-1.1.jar:/home/daniel/.m2/repository/commons-logging/commons-logging/1.1.1/commons-logging-1.1.1.jar:/home/daniel/.m2/repository/commons-io/commons-io/2.3/commons-io-2.3.jar:/home/daniel/.m2/repository/commons-codec/commons-codec/1.3/commons-codec-1.3.jar:/home/daniel/.m2/repository/org/apache/httpcomponents/httpclient/4.2.5/httpclient-4.2.5.jar:/home/daniel/.m2/repository/org/apache/httpcomponents/httpcore/4.2.4/httpcore-4.2.4.jar:/home/daniel/.m2/repository/org/apache/httpcomponents/httpmime/4.1.2/httpmime-4.1.2.jar:/home/daniel/.m2/repository/com/martiansoftware/jsap/2.1/jsap-2.1.jar:/home/daniel/.m2/repository/dom4j/dom4j/1.6.1/dom4j-1.6.1.jar:/home/daniel/.m2/repository/xml-apis/xml-apis/1.3.03/xml-apis-1.3.03.jar:/home/daniel/.m2/repository/jaxen/jaxen/1.1.1/jaxen-1.1.1.jar:/home/daniel/.m2/repository/jdom/jdom/1.0/jdom-1.0.jar:/home/daniel/.m2/repository/xerces/xercesImpl/2.8.0/xercesImpl-2.8.0.jar:/home/daniel/.m2/repository/classworlds/classworlds/1.1/classworlds-1.1.jar:/home/daniel/.m2/repository/log4j/log4j/1.2.14/log4j-1.2.14.jar:/home/daniel/.m2/repository/commons-net/commons-net/2.0/commons-net-2.0.jar:/home/daniel/.m2/repository/org/apache/commons/commons-exec/1.0/commons-exec-1.0.jar:/home/daniel/.m2/repository/org/hibernate/hibernate-annotations/3.5.4-Final/hibernate-annotations-3.5.4-Final.jar:/home/daniel/.m2/repository/org/hibernate/hibernate-core/3.5.4-Final/hibernate-core-3.5.4-Final.jar:/home/daniel/.m2/repository/antlr/antlr/2.7.6/antlr-2.7.6.jar:/home/daniel/.m2/repository/javax/transaction/jta/1.1/jta-1.1.jar:/home/daniel/.m2/repository/org/hibernate/hibernate-commons-annotations/3.2.0.Final/hibernate-commons-annotations-3.2.0.Final.jar:/home/daniel/.m2/repository/org/hibernate/javax/persistence/hibernate-jpa-2.0-api/1.0.0.Final/hibernate-jpa-2.0-api-1.0.0.Final.jar:/home/daniel/.m2/repository/javax/validation/validation-api/1.0.0.GA/validation-api-1.0.0.GA.jar:/home/daniel/.m2/repository/org/hibernate/hibernate-validator/4.1.0.Final/hibernate-validator-4.1.0.Final.jar:/home/daniel/.m2/repository/org/hibernate/hibernate-entitymanager/4.0.0.Final/hibernate-entitymanager-4.0.0.Final.jar:/home/daniel/.m2/repository/org/jboss/spec/javax/transaction/jboss-transaction-api_1.1_spec/1.0.0.Final/jboss-transaction-api_1.1_spec-1.0.0.Final.jar:/home/daniel/.m2/repository/org/jboss/logging/jboss-logging/3.1.0.CR2/jboss-logging-3.1.0.CR2.jar:/home/daniel/.m2/repository/org/hibernate/common/hibernate-commons-annotations/4.0.1.Final/hibernate-commons-annotations-4.0.1.Final.jar:/home/daniel/.m2/repository/javassist/javassist/3.12.1.GA/javassist-3.12.1.GA.jar:/home/daniel/.m2/repository/org/hibernate/hibernate-c3p0/4.0.0.Final/hibernate-c3p0-4.0.0.Final.jar:/home/daniel/.m2/repository/c3p0/c3p0/0.9.1/c3p0-0.9.1.jar:/home/daniel/.m2/repository/postgresql/postgresql/9.1-901.jdbc4/postgresql-9.1-901.jdbc4.jar:/home/daniel/.m2/repository/org/springframework/spring-context/4.0.0.RELEASE/spring-context-4.0.0.RELEASE.jar:/home/daniel/.m2/repository/org/springframework/spring-aop/4.0.0.RELEASE/spring-aop-4.0.0.RELEASE.jar:/home/daniel/.m2/repository/aopalliance/aopalliance/1.0/aopalliance-1.0.jar:/home/daniel/.m2/repository/org/springframework/spring-beans/4.0.0.RELEASE/spring-beans-4.0.0.RELEASE.jar:/home/daniel/.m2/repository/org/springframework/spring-core/4.0.0.RELEASE/spring-core-4.0.0.RELEASE.jar:/home/daniel/.m2/repository/org/springframework/spring-expression/4.0.0.RELEASE/spring-expression-4.0.0.RELEASE.jar:/home/daniel/.m2/repository/org/mockito/mockito-all/1.9.0/mockito-all-1.9.0.jar:/home/daniel/.m2/repository/org/irods/jargon/jargon-core/3.3.2-SNAPSHOT/jargon-core-3.3.2-SNAPSHOT.jar:/home/daniel/.m2/repository/com/claymoresystems/puretls/1.1/puretls-1.1.jar:/home/daniel/.m2/repository/org/globus/jglobus/cog-jglobus/1.8.0/cog-jglobus-1.8.0.jar:/home/daniel/.m2/repository/xom/xom/1.2.5/xom-1.2.5.jar:/home/daniel/.m2/repository/xalan/xalan/2.7.0/xalan-2.7.0.jar:/home/daniel/.m2/repository/org/codehaus/groovy/groovy-all/1.8.0/groovy-all-1.8.0.jar:/home/daniel/.m2/repository/edu/harvard/hul/ois/jhove/1.9b3/jhove-1.9b3.jar:/home/daniel/.m2/repository/edu/harvard/hul/ois/jhove.module/1.9b3/jhove.module-1.9b3.jar:/home/daniel/.m2/repository/edu/harvard/hul/ois/jhove.handler/1.9b3/jhove.handler-1.9b3.jar:/home/daniel/.m2/repository/net/sf/saxon/Saxon-HE/9.5.1-1/Saxon-HE-9.5.1-1.jar:/home/daniel/.m2/repository/org/apache/jena/jena-core/2.10.1/jena-core-2.10.1.jar:/home/daniel/.m2/repository/org/apache/jena/jena-iri/0.9.6/jena-iri-0.9.6.jar:/home/daniel/.m2/repository/org/elasticsearch/elasticsearch/0.90.3/elasticsearch-0.90.3.jar:/home/daniel/.m2/repository/org/apache/lucene/lucene-core/4.4.0/lucene-core-4.4.0.jar:/home/daniel/.m2/repository/org/apache/lucene/lucene-analyzers-common/4.4.0/lucene-analyzers-common-4.4.0.jar:/home/daniel/.m2/repository/org/apache/lucene/lucene-codecs/4.4.0/lucene-codecs-4.4.0.jar:/home/daniel/.m2/repository/org/apache/lucene/lucene-queries/4.4.0/lucene-queries-4.4.0.jar:/home/daniel/.m2/repository/org/apache/lucene/lucene-memory/4.4.0/lucene-memory-4.4.0.jar:/home/daniel/.m2/repository/org/apache/lucene/lucene-highlighter/4.4.0/lucene-highlighter-4.4.0.jar:/home/daniel/.m2/repository/org/apache/lucene/lucene-queryparser/4.4.0/lucene-queryparser-4.4.0.jar:/home/daniel/.m2/repository/org/apache/lucene/lucene-sandbox/4.4.0/lucene-sandbox-4.4.0.jar:/home/daniel/.m2/repository/org/apache/lucene/lucene-suggest/4.4.0/lucene-suggest-4.4.0.jar:/home/daniel/.m2/repository/org/apache/lucene/lucene-misc/4.4.0/lucene-misc-4.4.0.jar:/home/daniel/.m2/repository/org/apache/lucene/lucene-join/4.4.0/lucene-join-4.4.0.jar:/home/daniel/.m2/repository/org/apache/lucene/lucene-grouping/4.4.0/lucene-grouping-4.4.0.jar:/home/daniel/.m2/repository/org/apache/lucene/lucene-spatial/4.4.0/lucene-spatial-4.4.0.jar:/home/daniel/.m2/repository/com/spatial4j/spatial4j/0.3/spatial4j-0.3.jar:/home/daniel/.m2/repository/com/github/jsonld-java/jsonld-java/0.2/jsonld-java-0.2.jar:/home/daniel/.m2/repository/com/fasterxml/jackson/core/jackson-core/2.2.1/jackson-core-2.2.1.jar:/home/daniel/.m2/repository/com/fasterxml/jackson/core/jackson-databind/2.2.1/jackson-databind-2.2.1.jar:/home/daniel/.m2/repository/com/fasterxml/jackson/core/jackson-annotations/2.2.1/jackson-annotations-2.2.1.jar:/home/daniel/.m2/repository/org/apache/httpcomponents/httpclient-cache/4.2.5/httpclient-cache-4.2.5.jar:/home/daniel/.m2/repository/com/github/jsonld-java/jsonld-java-jena/0.2/jsonld-java-jena-0.2.jar:/home/daniel/.m2/repository/org/easytesting/fest-assert/1.4/fest-assert-1.4.jar:/home/daniel/.m2/repository/org/easytesting/fest-util/1.1.6/fest-util-1.1.6.jar:/home/daniel/.m2/repository/org/apache/pdfbox/pdfbox/1.8.2/pdfbox-1.8.2.jar:/home/daniel/.m2/repository/org/apache/pdfbox/fontbox/1.8.2/fontbox-1.8.2.jar:/home/daniel/.m2/repository/org/apache/pdfbox/jempbox/1.8.2/jempbox-1.8.2.jar:/home/daniel/.m2/repository/org/apache/activemq/activemq-core/5.7.0/activemq-core-5.7.0.jar:/home/daniel/.m2/repository/org/apache/geronimo/specs/geronimo-jms_1.1_spec/1.1.1/geronimo-jms_1.1_spec-1.1.1.jar:/home/daniel/.m2/repository/org/apache/activemq/kahadb/5.7.0/kahadb-5.7.0.jar:/home/daniel/.m2/repository/org/apache/activemq/protobuf/activemq-protobuf/1.1/activemq-protobuf-1.1.jar:/home/daniel/.m2/repository/org/fusesource/mqtt-client/mqtt-client/1.3/mqtt-client-1.3.jar:/home/daniel/.m2/repository/org/fusesource/hawtdispatch/hawtdispatch-transport/1.11/hawtdispatch-transport-1.11.jar:/home/daniel/.m2/repository/org/fusesource/hawtdispatch/hawtdispatch/1.11/hawtdispatch-1.11.jar:/home/daniel/.m2/repository/org/fusesource/hawtbuf/hawtbuf/1.9/hawtbuf-1.9.jar:/home/daniel/.m2/repository/org/apache/geronimo/specs/geronimo-j2ee-management_1.1_spec/1.0.1/geronimo-j2ee-management_1.1_spec-1.0.1.jar:/home/daniel/.m2/repository/org/jasypt/jasypt/1.9.0/jasypt-1.9.0.jar:/home/daniel/.m2/repository/org/apache/xbean/xbean-spring/3.16/xbean-spring-3.16.jar:/home/daniel/.m2/repository/org/apache/pdfbox/preflight/1.8.2/preflight-1.8.2.jar:/home/daniel/.m2/repository/org/apache/pdfbox/xmpbox/1.8.2/xmpbox-1.8.2.jar:"/>
    <property name="java.vm.specification.version" value="1.0"/>
    <property name="sun.arch.data.model" value="32"/>
    <property name="java.home" value="/usr/lib/jvm/java-6-openjdk/jre"/>
    <property name="sun.java.command" value="/tmp/surefirebooter9019347450388107668.jar /tmp/surefire3890123714081407786tmp /tmp/surefire1664863848154103512tmp"/>
    <property name="java.specification.vendor" value="Sun Microsystems Inc."/>
    <property name="user.language" value="de"/>
    <property name="java.vm.info" value="mixed mode"/>
    <property name="java.version" value="1.6.0_27"/>
    <property name="java.ext.dirs" value="/usr/lib/jvm/java-6-openjdk/jre/lib/ext:/usr/java/packages/lib/ext"/>
    <property name="sun.boot.class.path" value="/usr/lib/jvm/java-6-openjdk/jre/lib/resources.jar:/usr/lib/jvm/java-6-openjdk/jre/lib/rt.jar:/usr/lib/jvm/java-6-openjdk/jre/lib/sunrsasign.jar:/usr/lib/jvm/java-6-openjdk/jre/lib/jsse.jar:/usr/lib/jvm/java-6-openjdk/jre/lib/jce.jar:/usr/lib/jvm/java-6-openjdk/jre/lib/charsets.jar:/usr/lib/jvm/java-6-openjdk/jre/lib/netx.jar:/usr/lib/jvm/java-6-openjdk/jre/lib/plugin.jar:/usr/lib/jvm/java-6-openjdk/jre/lib/rhino.jar:/usr/lib/jvm/java-6-openjdk/jre/lib/modules/jdk.boot.jar:/usr/lib/jvm/java-6-openjdk/jre/classes"/>
    <property name="java.vendor" value="Sun Microsystems Inc."/>
    <property name="localRepository" value="/home/daniel/.m2/repository"/>
    <property name="file.separator" value="/"/>
    <property name="java.vendor.url.bug" value="http://java.sun.com/cgi-bin/bugreport.cgi"/>
    <property name="sun.cpu.endian" value="little"/>
    <property name="sun.io.unicode.encoding" value="UnicodeLittle"/>
    <property name="sun.desktop" value="gnome"/>
    <property name="sun.cpu.isalist" value=""/>
  </properties>
  <testcase time="6.153" classname="de.uzk.hki.da.at.ATPIPGen" name="testUpdateUrls"/>
  <testcase time="5.639" classname="de.uzk.hki.da.at.ATPIPGen" name="testPublishInstOnly"/>
  <testcase time="4.646" classname="de.uzk.hki.da.at.ATPIPGen" name="testNoPubWithLawSet"/>
  <testcase time="4.632" classname="de.uzk.hki.da.at.ATPIPGen" name="testNoPubWithStartDateSet"/>
  <testcase time="5.625" classname="de.uzk.hki.da.at.ATPIPGen" name="testPublishNothing"/>
  <testcase time="5.65" classname="de.uzk.hki.da.at.ATPIPGen" name="testPublishAll"/>
</testsuite>